! 1 Hamiltonian Matrix (2x2, complex)
 2 2
  0.225076E-01  0.000000E+00  0.000000E+00  0.000000E+00
  0.000000E+00  0.000000E+00  0.219641E+00  0.000000E+00

! 2 Dipole Moment Matrices (3x2x2, complex)
 2 2
  0.255086E-01  0.000000E+00 -0.617918E-02  0.000000E+00
 -0.617918E-02  0.000000E+00 -0.144266E+00  0.000000E+00
 2 2
  0.280340E-01  0.000000E+00  0.138734E-01  0.000000E+00
  0.138734E-01  0.000000E+00 -0.920645E-01  0.000000E+00
 2 2
  0.598705E-01  0.000000E+00 -0.634059E+00  0.000000E+00
 -0.634059E+00  0.000000E+00 -0.229281E-01  0.000000E+00

! 3 Gradient Vectors (2x4x3, real)
 4 3 ! m1 1 s1 1 ms1 0
 -0.314892953773E-01 -0.437607686909E-03  0.167232929101E-02
  0.529448608694E-01  0.232650528113E-01  0.368319675951E-03
  0.128467218993E-01  0.227621658267E-01 -0.533238204182E-03
 -0.343022873914E-01 -0.455896109511E-01 -0.150741076278E-02
 4 3 ! m1 1 s1 2 ms1 0
 -0.276753202438E-01  0.554945596483E-03 -0.366158701662E-02
  0.953966459828E-02  0.160860161764E-01  0.205464828169E-02
  0.215735570974E-01 -0.109929987449E-01  0.575242917793E-03
 -0.343790145192E-02 -0.564796302798E-02  0.103169581714E-02

! 5 nacdr Vectors (2x2x4x3, real)
 4 3 ! m1 1 s1 1 ms1 0   m2 1 s2 1 ms2 0
  0.000000000000E+00  0.000000000000E+00  0.000000000000E+00
  0.000000000000E+00  0.000000000000E+00  0.000000000000E+00
  0.000000000000E+00  0.000000000000E+00  0.000000000000E+00
  0.000000000000E+00  0.000000000000E+00  0.000000000000E+00
 4 3 ! m1 1 s1 1 ms1 0   m2 1 s2 2 ms2 0
 -0.714166399810E-03  0.192963443982E-03 -0.348539731789E-01
  0.449304696844E-03  0.356522868830E-03  0.108244400257E-01
  0.504210991433E-03  0.753323254409E-05  0.111063448113E-01
 -0.239349288467E-03 -0.557019545356E-03  0.129231883419E-01
 4 3 ! m1 1 s1 2 ms1 0   m2 1 s2 1 ms2 0
 -0.714166399810E-03  0.192963443982E-03 -0.348539731789E-01
  0.449304696844E-03  0.356522868830E-03  0.108244400257E-01
  0.504210991433E-03  0.753323254409E-05  0.111063448113E-01
 -0.239349288467E-03 -0.557019545356E-03  0.129231883419E-01
 4 3 ! m1 1 s1 2 ms1 0   m2 1 s2 2 ms2 0
  0.000000000000E+00  0.000000000000E+00  0.000000000000E+00
  0.000000000000E+00  0.000000000000E+00  0.000000000000E+00
  0.000000000000E+00  0.000000000000E+00  0.000000000000E+00
  0.000000000000E+00  0.000000000000E+00  0.000000000000E+00
